This file contains any messages produced by compilers while
running configure, to aid debugging if configure makes a mistake.

It was created by configure, which was
generated by GNU Autoconf 2.69.  Invocation command line was

  $ ./configure 

## --------- ##
## Platform. ##
## --------- ##

hostname = localhost.localdomain
uname -m = x86_64
uname -r = 5.1.20-300.fc30.x86_64
uname -s = Linux
uname -v = #1 SMP Fri Jul 26 15:03:11 UTC 2019

/usr/bin/uname -p = x86_64
/bin/uname -X     = unknown

/bin/arch              = x86_64
/usr/bin/arch -k       = unknown
/usr/convex/getsysinfo = unknown
/usr/bin/hostinfo      = unknown
/bin/machine           = unknown
/usr/bin/oslevel       = unknown
/bin/universe          = unknown

PATH: /home/normal/.local/bin
PATH: /home/normal/bin
PATH: /usr/lib64/ccache
PATH: /usr/local/bin
PATH: /usr/bin
PATH: /bin
PATH: /usr/local/sbin
PATH: /usr/sbin


## ----------- ##
## Core tests. ##
## ----------- ##

configure:2658: checking build system type
configure:2672: result: x86_64-unknown-linux-gnu
configure:2692: checking host system type
configure:2705: result: x86_64-unknown-linux-gnu
configure:2786: checking whether make sets $(MAKE)
configure:2808: result: yes
configure:2832: checking for a BSD-compatible install
configure:2900: result: /usr/bin/install -c
configure:2964: checking for gcc
configure:2980: found /usr/lib64/ccache/gcc
configure:2991: result: gcc
configure:3220: checking for C compiler version
configure:3229: gcc --version >&5
gcc (GCC) 9.1.1 20190503 (Red Hat 9.1.1-1)
Copyright (C) 2019 Free Software Foundation, Inc.
This is free software; see the source for copying conditions.  There is NO
warranty; not even for MERCHANTABILITY or FITNESS FOR A PARTICULAR PURPOSE.

configure:3240: $? = 0
configure:3229: gcc -v >&5
Using built-in specs.
COLLECT_GCC=/usr/bin/gcc
COLLECT_LTO_WRAPPER=/usr/libexec/gcc/x86_64-redhat-linux/9/lto-wrapper
OFFLOAD_TARGET_NAMES=nvptx-none
OFFLOAD_TARGET_DEFAULT=1
Target: x86_64-redhat-linux
Configured with: ../configure --enable-bootstrap --enable-languages=c,c++,fortran,objc,obj-c++,ada,go,d,lto --prefix=/usr --mandir=/usr/share/man --infodir=/usr/share/info --with-bugurl=http://bugzilla.redhat.com/bugzilla --enable-shared --enable-threads=posix --enable-checking=release --enable-multilib --with-system-zlib --enable-__cxa_atexit --disable-libunwind-exceptions --enable-gnu-unique-object --enable-linker-build-id --with-gcc-major-version-only --with-linker-hash-style=gnu --enable-plugin --enable-initfini-array --with-isl --enable-offload-targets=nvptx-none --without-cuda-driver --enable-gnu-indirect-function --enable-cet --with-tune=generic --with-arch_32=i686 --build=x86_64-redhat-linux
Thread model: posix
gcc version 9.1.1 20190503 (Red Hat 9.1.1-1) (GCC) 
configure:3240: $? = 0
configure:3229: gcc -V >&5
gcc: error: unrecognized command line option '-V'
gcc: fatal error: no input files
compilation terminated.
configure:3240: $? = 1
configure:3229: gcc -qversion >&5
gcc: error: unrecognized command line option '-qversion'; did you mean '--version'?
gcc: fatal error: no input files
compilation terminated.
configure:3240: $? = 1
configure:3260: checking whether the C compiler works
configure:3282: gcc    conftest.c  >&5
configure:3286: $? = 0
configure:3334: result: yes
configure:3337: checking for C compiler default output file name
configure:3339: result: a.out
configure:3345: checking for suffix of executables
configure:3352: gcc -o conftest    conftest.c  >&5
configure:3356: $? = 0
configure:3378: result: 
configure:3400: checking whether we are cross compiling
configure:3408: gcc -o conftest    conftest.c  >&5
configure:3412: $? = 0
configure:3419: ./conftest
configure:3423: $? = 0
configure:3411: result: no
configure:3416: checking for suffix of object files
configure:3438: gcc -c   conftest.c >&5
configure:3442: $? = 0
configure:3463: result: o
configure:3467: checking whether we are using the GNU C compiler
configure:3486: gcc -c   conftest.c >&5
configure:3486: $? = 0
configure:3495: result: yes
configure:3504: checking whether gcc accepts -g
configure:3524: gcc -c -g  conftest.c >&5
configure:3524: $? = 0
configure:3565: result: yes
configure:3582: checking for gcc option to accept ISO C89
configure:3645: gcc  -c   conftest.c >&5
configure:3645: $? = 0
configure:3658: result: none needed
configure:3697: checking how to run the C preprocessor
configure:3728: gcc -E  conftest.c
configure:3728: $? = 0
configure:3742: gcc -E  conftest.c
conftest.c:13:10: fatal error: ac_nonexistent.h: No such file or directory
   13 | #include <ac_nonexistent.h>
      |          ^~~~~~~~~~~~~~~~~~
compilation terminated.
configure:3742: $? = 1
configure: failed program was:
| /* confdefs.h */
| #define PACKAGE_NAME ""
| #define PACKAGE_TARNAME ""
| #define PACKAGE_VERSION ""
| #define PACKAGE_STRING ""
| #define PACKAGE_BUGREPORT ""
| #define PACKAGE_URL ""
| #define OS_TYPE "linux-gnu"
| #define USE_OPIE 1
| #define USE_DIGEST 1
| #define ENABLE_DEBUG 1
| /* end confdefs.h.  */
| #include <ac_nonexistent.h>
configure:3767: result: gcc -E
configure:3787: gcc -E  conftest.c
configure:3787: $? = 0
configure:3801: gcc -E  conftest.c
conftest.c:13:10: fatal error: ac_nonexistent.h: No such file or directory
   13 | #include <ac_nonexistent.h>
      |          ^~~~~~~~~~~~~~~~~~
compilation terminated.
configure:3801: $? = 1
configure: failed program was:
| /* confdefs.h */
| #define PACKAGE_NAME ""
| #define PACKAGE_TARNAME ""
| #define PACKAGE_VERSION ""
| #define PACKAGE_STRING ""
| #define PACKAGE_BUGREPORT ""
| #define PACKAGE_URL ""
| #define OS_TYPE "linux-gnu"
| #define USE_OPIE 1
| #define USE_DIGEST 1
| #define ENABLE_DEBUG 1
| /* end confdefs.h.  */
| #include <ac_nonexistent.h>
configure:3830: checking for grep that handles long lines and -e
configure:3888: result: /usr/bin/grep
configure:3893: checking for egrep
configure:3955: result: /usr/bin/grep -E
configure:3960: checking for ANSI C header files
configure:3980: gcc -c  -O2 -Wall -Wno-implicit  conftest.c >&5
configure:3980: $? = 0
configure:4053: gcc -o conftest  -O2 -Wall -Wno-implicit   conftest.c  >&5
configure:4053: $? = 0
configure:4053: ./conftest
configure:4053: $? = 0
configure:4064: result: yes
configure:4077: checking for sys/types.h
configure:4077: gcc -c  -O2 -Wall -Wno-implicit  conftest.c >&5
configure:4077: $? = 0
configure:4077: result: yes
configure:4077: checking for sys/stat.h
configure:4077: gcc -c  -O2 -Wall -Wno-implicit  conftest.c >&5
configure:4077: $? = 0
configure:4077: result: yes
configure:4077: checking for stdlib.h
configure:4077: gcc -c  -O2 -Wall -Wno-implicit  conftest.c >&5
configure:4077: $? = 0
configure:4077: result: yes
configure:4077: checking for string.h
configure:4077: gcc -c  -O2 -Wall -Wno-implicit  conftest.c >&5
configure:4077: $? = 0
configure:4077: result: yes
configure:4077: checking for memory.h
configure:4077: gcc -c  -O2 -Wall -Wno-implicit  conftest.c >&5
configure:4077: $? = 0
configure:4077: result: yes
configure:4077: checking for strings.h
configure:4077: gcc -c  -O2 -Wall -Wno-implicit  conftest.c >&5
configure:4077: $? = 0
configure:4077: result: yes
configure:4077: checking for inttypes.h
configure:4077: gcc -c  -O2 -Wall -Wno-implicit  conftest.c >&5
configure:4077: $? = 0
configure:4077: result: yes
configure:4077: checking for stdint.h
configure:4077: gcc -c  -O2 -Wall -Wno-implicit  conftest.c >&5
configure:4077: $? = 0
configure:4077: result: yes
configure:4077: checking for unistd.h
configure:4077: gcc -c  -O2 -Wall -Wno-implicit  conftest.c >&5
configure:4077: $? = 0
configure:4077: result: yes
configure:4090: checking minix/config.h usability
configure:4090: gcc -c  -O2 -Wall -Wno-implicit  conftest.c >&5
conftest.c:56:10: fatal error: minix/config.h: No such file or directory
   56 | #include <minix/config.h>
      |          ^~~~~~~~~~~~~~~~
compilation terminated.
configure:4090: $? = 1
configure: failed program was:
| /* confdefs.h */
| #define PACKAGE_NAME ""
| #define PACKAGE_TARNAME ""
| #define PACKAGE_VERSION ""
| #define PACKAGE_STRING ""
| #define PACKAGE_BUGREPORT ""
| #define PACKAGE_URL ""
| #define OS_TYPE "linux-gnu"
| #define USE_OPIE 1
| #define USE_DIGEST 1
| #define ENABLE_DEBUG 1
| #define STDC_HEADERS 1
| #define HAVE_SYS_TYPES_H 1
| #define HAVE_SYS_STAT_H 1
| #define HAVE_STDLIB_H 1
| #define HAVE_STRING_H 1
| #define HAVE_MEMORY_H 1
| #define HAVE_STRINGS_H 1
| #define HAVE_INTTYPES_H 1
| #define HAVE_STDINT_H 1
| #define HAVE_UNISTD_H 1
| /* end confdefs.h.  */
| #include <stdio.h>
| #ifdef HAVE_SYS_TYPES_H
| # include <sys/types.h>
| #endif
| #ifdef HAVE_SYS_STAT_H
| # include <sys/stat.h>
| #endif
| #ifdef STDC_HEADERS
| # include <stdlib.h>
| # include <stddef.h>
| #else
| # ifdef HAVE_STDLIB_H
| #  include <stdlib.h>
| # endif
| #endif
| #ifdef HAVE_STRING_H
| # if !defined STDC_HEADERS && defined HAVE_MEMORY_H
| #  include <memory.h>
| # endif
| # include <string.h>
| #endif
| #ifdef HAVE_STRINGS_H
| # include <strings.h>
| #endif
| #ifdef HAVE_INTTYPES_H
| # include <inttypes.h>
| #endif
| #ifdef HAVE_STDINT_H
| # include <stdint.h>
| #endif
| #ifdef HAVE_UNISTD_H
| # include <unistd.h>
| #endif
| #include <minix/config.h>
configure:4090: result: no
configure:4090: checking minix/config.h presence
configure:4090: gcc -E  conftest.c
conftest.c:23:10: fatal error: minix/config.h: No such file or directory
   23 | #include <minix/config.h>
      |          ^~~~~~~~~~~~~~~~
compilation terminated.
configure:4090: $? = 1
configure: failed program was:
| /* confdefs.h */
| #define PACKAGE_NAME ""
| #define PACKAGE_TARNAME ""
| #define PACKAGE_VERSION ""
| #define PACKAGE_STRING ""
| #define PACKAGE_BUGREPORT ""
| #define PACKAGE_URL ""
| #define OS_TYPE "linux-gnu"
| #define USE_OPIE 1
| #define USE_DIGEST 1
| #define ENABLE_DEBUG 1
| #define STDC_HEADERS 1
| #define HAVE_SYS_TYPES_H 1
| #define HAVE_SYS_STAT_H 1
| #define HAVE_STDLIB_H 1
| #define HAVE_STRING_H 1
| #define HAVE_MEMORY_H 1
| #define HAVE_STRINGS_H 1
| #define HAVE_INTTYPES_H 1
| #define HAVE_STDINT_H 1
| #define HAVE_UNISTD_H 1
| /* end confdefs.h.  */
| #include <minix/config.h>
configure:4090: result: no
configure:4090: checking for minix/config.h
configure:4090: result: no
configure:4111: checking whether it is safe to define __EXTENSIONS__
configure:4129: gcc -c  -O2 -Wall -Wno-implicit  conftest.c >&5
configure:4129: $? = 0
configure:4136: result: yes
configure:4240: checking for ld used by GCC
configure:4303: result: /usr/bin/ld
configure:4310: checking if the linker (/usr/bin/ld) is GNU ld
GNU ld version 2.31.1-29.fc30
configure:4322: result: yes
configure:4327: checking for /usr/bin/ld option to reload object files
configure:4334: result: -r
configure:4339: checking for BSD-compatible nm
configure:4375: result: /usr/bin/nm -B
configure:4378: checking for a sed that does not truncate output
configure:4460: result: /usr/bin/sed
configure:4463: checking whether ln -s works
configure:4467: result: yes
configure:4474: checking how to recognise dependent libraries
configure:4655: result: pass_all
configure:4667: checking command to parse /usr/bin/nm -B output
configure:4751: gcc -c  -O2 -Wall -Wno-implicit  conftest.c >&5
configure:4754: $? = 0
configure:4758: /usr/bin/nm -B conftest.o \| sed -n -e 's/^.*[ 	]\([ABCDGISTW][ABCDGISTW]*\)[ 	][ 	]*\(\)\([_A-Za-z][_A-Za-z0-9]*\)$/\1 \2\3 \3/p' \> conftest.nm
configure:4761: $? = 0
configure:4813: gcc -o conftest  -O2 -Wall -Wno-implicit   conftest.c conftstm.o >&5
conftest.c:6:13: warning: 'main' is usually a function [-Wmain]
    6 | extern char main;
      |             ^~~~
configure:4816: $? = 0
configure:4860: result: ok
configure:4866: checking dlfcn.h usability
configure:4866: gcc -c  -O2 -Wall -Wno-implicit  conftest.c >&5
configure:4866: $? = 0
configure:4866: result: yes
configure:4866: checking dlfcn.h presence
configure:4866: gcc -E  conftest.c
configure:4866: $? = 0
configure:4866: result: yes
configure:4866: checking for dlfcn.h
configure:4866: result: yes
configure:5063: checking for ranlib
configure:5079: found /usr/bin/ranlib
configure:5090: result: ranlib
configure:5155: checking for strip
configure:5171: found /usr/bin/strip
configure:5182: result: strip
configure:5385: checking for objdir
configure:5396: result: .libs
configure:5417: checking for gcc option to produce PIC
configure:5563: result: -fPIC
configure:5567: checking if gcc PIC flag -fPIC works
configure:5585: gcc -c  -O2 -Wall -Wno-implicit -fPIC -DPIC  conftest.c >&5
configure:5585: $? = 0
configure:5619: result: yes
configure:5639: checking if gcc static flag -static works
configure:5658: gcc -o conftest  -O2 -Wall -Wno-implicit   -static conftest.c  >&5
/usr/bin/ld: cannot find -lc
collect2: error: ld returned 1 exit status
configure:5658: $? = 1
configure: failed program was:
| /* confdefs.h */
| #define PACKAGE_NAME ""
| #define PACKAGE_TARNAME ""
| #define PACKAGE_VERSION ""
| #define PACKAGE_STRING ""
| #define PACKAGE_BUGREPORT ""
| #define PACKAGE_URL ""
| #define OS_TYPE "linux-gnu"
| #define USE_OPIE 1
| #define USE_DIGEST 1
| #define ENABLE_DEBUG 1
| #define STDC_HEADERS 1
| #define HAVE_SYS_TYPES_H 1
| #define HAVE_SYS_STAT_H 1
| #define HAVE_STDLIB_H 1
| #define HAVE_STRING_H 1
| #define HAVE_MEMORY_H 1
| #define HAVE_STRINGS_H 1
| #define HAVE_INTTYPES_H 1
| #define HAVE_STDINT_H 1
| #define HAVE_UNISTD_H 1
| #define __EXTENSIONS__ 1
| #define _ALL_SOURCE 1
| #define _GNU_SOURCE 1
| #define _POSIX_PTHREAD_SEMANTICS 1
| #define _TANDEM_SOURCE 1
| #define HAVE_DLFCN_H 1
| /* end confdefs.h.  */
| 
| int
| main ()
| {
| 
|   ;
|   return 0;
| }
configure:5670: result: no
configure:5686: checking if gcc supports -c -o file.o
configure:5737: gcc -c  -O2 -Wall -Wno-implicit -o out/conftest2.o  conftest.c >&5
configure:5730: result: yes
configure:5735: checking if gcc supports -c -o file.lo
configure:5757: gcc -c  -O2 -Wall -Wno-implicit -c -o conftest.lo  conftest.c >&5
conftest.c: In function 'main':
conftest.c:33:5: warning: unused variable 'some_variable' [-Wunused-variable]
   33 | int some_variable = 0;
      |     ^~~~~~~~~~~~~
configure:5757: $? = 0
configure:5774: result: no
configure:5813: checking if gcc supports -fno-rtti -fno-exceptions
configure:5830: gcc -c  -O2 -Wall -Wno-implicit -fno-rtti -fno-exceptions -c conftest.c  conftest.c >&5
cc1: warning: command line option '-fno-rtti' is valid for C++/D/ObjC++ but not for C
conftest.c: In function 'main':
conftest.c:33:5: warning: unused variable 'some_variable' [-Wunused-variable]
   33 | int some_variable = 0;
      |     ^~~~~~~~~~~~~
cc1: warning: command line option '-fno-rtti' is valid for C++/D/ObjC++ but not for C
conftest.c: In function 'main':
conftest.c:33:5: warning: unused variable 'some_variable' [-Wunused-variable]
   33 | int some_variable = 0;
      |     ^~~~~~~~~~~~~
configure:5830: $? = 0
configure:5842: result: no
configure:5857: checking whether the linker (/usr/bin/ld) supports shared libraries
configure:6552: result: yes
configure:6561: checking how to hardcode library paths into programs
configure:6585: result: immediate
configure:6594: checking whether stripping libraries is possible
configure:6599: result: yes
configure:6614: checking dynamic linker characteristics
configure:7021: result: GNU/Linux ld.so
configure:7030: checking if libtool supports shared libraries
configure:7032: result: yes
configure:7039: checking whether to build shared libraries
configure:7060: result: yes
configure:7067: checking whether to build static libraries
configure:7071: result: yes
configure:7535: checking whether -lc should be explicitly linked in
configure:7543: gcc -c  -O2 -Wall -Wno-implicit  conftest.c >&5
conftest.c:1:12: warning: 'dummy' defined but not used [-Wunused-variable]
    1 | static int dummy;
      |            ^~~~~
configure:7546: $? = 0
configure:7560: gcc -shared conftest.o  -v -Wl,-soname -Wl,conftest -o conftest 2\>\&1 \| grep  -lc  \>/dev/null 2\>\&1
configure:7563: $? = 0
configure:7576: result: no
configure:8164: checking for gcc option to accept ANSI C
configure:8201: gcc  -c  -O2 -Wall -Wno-implicit  conftest.c >&5
configure:8201: $? = 0
configure:8210: result: 
configure:8219: checking for function prototypes
configure:8222: result: yes
configure:8359: checking for an ANSI C-conforming const
configure:8425: gcc -c  -O2 -Wall -Wno-implicit  conftest.c >&5
configure:8425: $? = 0
configure:8432: result: yes
configure:8440: checking for inline
configure:8456: gcc -c  -O2 -Wall -Wno-implicit  conftest.c >&5
configure:8456: $? = 0
configure:8464: result: inline
configure:8482: checking for size_t
configure:8482: gcc -c  -O2 -Wall -Wno-implicit  conftest.c >&5
configure:8482: $? = 0
configure:8482: gcc -c  -O2 -Wall -Wno-implicit  conftest.c >&5
conftest.c: In function 'main':
conftest.c:66:21: error: expected expression before ')' token
   66 | if (sizeof ((size_t)))
      |                     ^
configure:8482: $? = 1
configure: failed program was:
| /* confdefs.h */
| #define PACKAGE_NAME ""
| #define PACKAGE_TARNAME ""
| #define PACKAGE_VERSION ""
| #define PACKAGE_STRING ""
| #define PACKAGE_BUGREPORT ""
| #define PACKAGE_URL ""
| #define OS_TYPE "linux-gnu"
| #define USE_OPIE 1
| #define USE_DIGEST 1
| #define ENABLE_DEBUG 1
| #define STDC_HEADERS 1
| #define HAVE_SYS_TYPES_H 1
| #define HAVE_SYS_STAT_H 1
| #define HAVE_STDLIB_H 1
| #define HAVE_STRING_H 1
| #define HAVE_MEMORY_H 1
| #define HAVE_STRINGS_H 1
| #define HAVE_INTTYPES_H 1
| #define HAVE_STDINT_H 1
| #define HAVE_UNISTD_H 1
| #define __EXTENSIONS__ 1
| #define _ALL_SOURCE 1
| #define _GNU_SOURCE 1
| #define _POSIX_PTHREAD_SEMANTICS 1
| #define _TANDEM_SOURCE 1
| #define HAVE_DLFCN_H 1
| #define PROTOTYPES 1
| /* end confdefs.h.  */
| #include <stdio.h>
| #ifdef HAVE_SYS_TYPES_H
| # include <sys/types.h>
| #endif
| #ifdef HAVE_SYS_STAT_H
| # include <sys/stat.h>
| #endif
| #ifdef STDC_HEADERS
| # include <stdlib.h>
| # include <stddef.h>
| #else
| # ifdef HAVE_STDLIB_H
| #  include <stdlib.h>
| # endif
| #endif
| #ifdef HAVE_STRING_H
| # if !defined STDC_HEADERS && defined HAVE_MEMORY_H
| #  include <memory.h>
| # endif
| # include <string.h>
| #endif
| #ifdef HAVE_STRINGS_H
| # include <strings.h>
| #endif
| #ifdef HAVE_INTTYPES_H
| # include <inttypes.h>
| #endif
| #ifdef HAVE_STDINT_H
| # include <stdint.h>
| #endif
| #ifdef HAVE_UNISTD_H
| # include <unistd.h>
| #endif
| int
| main ()
| {
| if (sizeof ((size_t)))
| 	    return 0;
|   ;
|   return 0;
| }
configure:8482: result: yes
configure:8493: checking for pid_t
configure:8493: gcc -c  -O2 -Wall -Wno-implicit  conftest.c >&5
configure:8493: $? = 0
configure:8493: gcc -c  -O2 -Wall -Wno-implicit  conftest.c >&5
conftest.c: In function 'main':
conftest.c:66:20: error: expected expression before ')' token
   66 | if (sizeof ((pid_t)))
      |                    ^
configure:8493: $? = 1
configure: failed program was:
| /* confdefs.h */
| #define PACKAGE_NAME ""
| #define PACKAGE_TARNAME ""
| #define PACKAGE_VERSION ""
| #define PACKAGE_STRING ""
| #define PACKAGE_BUGREPORT ""
| #define PACKAGE_URL ""
| #define OS_TYPE "linux-gnu"
| #define USE_OPIE 1
| #define USE_DIGEST 1
| #define ENABLE_DEBUG 1
| #define STDC_HEADERS 1
| #define HAVE_SYS_TYPES_H 1
| #define HAVE_SYS_STAT_H 1
| #define HAVE_STDLIB_H 1
| #define HAVE_STRING_H 1
| #define HAVE_MEMORY_H 1
| #define HAVE_STRINGS_H 1
| #define HAVE_INTTYPES_H 1
| #define HAVE_STDINT_H 1
| #define HAVE_UNISTD_H 1
| #define __EXTENSIONS__ 1
| #define _ALL_SOURCE 1
| #define _GNU_SOURCE 1
| #define _POSIX_PTHREAD_SEMANTICS 1
| #define _TANDEM_SOURCE 1
| #define HAVE_DLFCN_H 1
| #define PROTOTYPES 1
| /* end confdefs.h.  */
| #include <stdio.h>
| #ifdef HAVE_SYS_TYPES_H
| # include <sys/types.h>
| #endif
| #ifdef HAVE_SYS_STAT_H
| # include <sys/stat.h>
| #endif
| #ifdef STDC_HEADERS
| # include <stdlib.h>
| # include <stddef.h>
| #else
| # ifdef HAVE_STDLIB_H
| #  include <stdlib.h>
| # endif
| #endif
| #ifdef HAVE_STRING_H
| # if !defined STDC_HEADERS && defined HAVE_MEMORY_H
| #  include <memory.h>
| # endif
| # include <string.h>
| #endif
| #ifdef HAVE_STRINGS_H
| # include <strings.h>
| #endif
| #ifdef HAVE_INTTYPES_H
| # include <inttypes.h>
| #endif
| #ifdef HAVE_STDINT_H
| # include <stdint.h>
| #endif
| #ifdef HAVE_UNISTD_H
| # include <unistd.h>
| #endif
| int
| main ()
| {
| if (sizeof ((pid_t)))
| 	    return 0;
|   ;
|   return 0;
| }
configure:8493: result: yes
configure:8504: checking whether byte ordering is bigendian
configure:8519: gcc -c  -O2 -Wall -Wno-implicit  conftest.c >&5
conftest.c:31:9: error: unknown type name 'not'
   31 |         not a universal capable compiler
      |         ^~~
conftest.c:31:15: error: expected '=', ',', ';', 'asm' or '__attribute__' before 'universal'
   31 |         not a universal capable compiler
      |               ^~~~~~~~~
conftest.c:31:15: error: unknown type name 'universal'
configure:8519: $? = 1
configure: failed program was:
| /* confdefs.h */
| #define PACKAGE_NAME ""
| #define PACKAGE_TARNAME ""
| #define PACKAGE_VERSION ""
| #define PACKAGE_STRING ""
| #define PACKAGE_BUGREPORT ""
| #define PACKAGE_URL ""
| #define OS_TYPE "linux-gnu"
| #define USE_OPIE 1
| #define USE_DIGEST 1
| #define ENABLE_DEBUG 1
| #define STDC_HEADERS 1
| #define HAVE_SYS_TYPES_H 1
| #define HAVE_SYS_STAT_H 1
| #define HAVE_STDLIB_H 1
| #define HAVE_STRING_H 1
| #define HAVE_MEMORY_H 1
| #define HAVE_STRINGS_H 1
| #define HAVE_INTTYPES_H 1
| #define HAVE_STDINT_H 1
| #define HAVE_UNISTD_H 1
| #define __EXTENSIONS__ 1
| #define _ALL_SOURCE 1
| #define _GNU_SOURCE 1
| #define _POSIX_PTHREAD_SEMANTICS 1
| #define _TANDEM_SOURCE 1
| #define HAVE_DLFCN_H 1
| #define PROTOTYPES 1
| /* end confdefs.h.  */
| #ifndef __APPLE_CC__
| 	       not a universal capable compiler
| 	     #endif
| 	     typedef int dummy;
| 
configure:8564: gcc -c  -O2 -Wall -Wno-implicit  conftest.c >&5
configure:8564: $? = 0
configure:8582: gcc -c  -O2 -Wall -Wno-implicit  conftest.c >&5
conftest.c: In function 'main':
conftest.c:37:4: error: unknown type name 'not'; did you mean 'ino_t'?
   37 |    not big endian
      |    ^~~
      |    ino_t
conftest.c:37:12: error: expected '=', ',', ';', 'asm' or '__attribute__' before 'endian'
   37 |    not big endian
      |            ^~~~~~
configure:8582: $? = 1
configure: failed program was:
| /* confdefs.h */
| #define PACKAGE_NAME ""
| #define PACKAGE_TARNAME ""
| #define PACKAGE_VERSION ""
| #define PACKAGE_STRING ""
| #define PACKAGE_BUGREPORT ""
| #define PACKAGE_URL ""
| #define OS_TYPE "linux-gnu"
| #define USE_OPIE 1
| #define USE_DIGEST 1
| #define ENABLE_DEBUG 1
| #define STDC_HEADERS 1
| #define HAVE_SYS_TYPES_H 1
| #define HAVE_SYS_STAT_H 1
| #define HAVE_STDLIB_H 1
| #define HAVE_STRING_H 1
| #define HAVE_MEMORY_H 1
| #define HAVE_STRINGS_H 1
| #define HAVE_INTTYPES_H 1
| #define HAVE_STDINT_H 1
| #define HAVE_UNISTD_H 1
| #define __EXTENSIONS__ 1
| #define _ALL_SOURCE 1
| #define _GNU_SOURCE 1
| #define _POSIX_PTHREAD_SEMANTICS 1
| #define _TANDEM_SOURCE 1
| #define HAVE_DLFCN_H 1
| #define PROTOTYPES 1
| /* end confdefs.h.  */
| #include <sys/types.h>
| 		#include <sys/param.h>
| 
| int
| main ()
| {
| #if BYTE_ORDER != BIG_ENDIAN
| 		 not big endian
| 		#endif
| 
|   ;
|   return 0;
| }
configure:8710: result: no
configure:8733: checking size of short
configure:8738: gcc -o conftest  -O2 -Wall -Wno-implicit   conftest.c  >&5
configure:8738: $? = 0
configure:8738: ./conftest
configure:8738: $? = 0
configure:8752: result: 2
configure:8766: checking size of int
configure:8771: gcc -o conftest  -O2 -Wall -Wno-implicit   conftest.c  >&5
configure:8771: $? = 0
configure:8771: ./conftest
configure:8771: $? = 0
configure:8785: result: 4
configure:8799: checking size of long
configure:8804: gcc -o conftest  -O2 -Wall -Wno-implicit   conftest.c  >&5
configure:8804: $? = 0
configure:8804: ./conftest
configure:8804: $? = 0
configure:8818: result: 8
configure:8832: checking size of long long
configure:8837: gcc -o conftest  -O2 -Wall -Wno-implicit   conftest.c  >&5
configure:8837: $? = 0
configure:8837: ./conftest
configure:8837: $? = 0
configure:8851: result: 8
configure:8861: checking for u_int32_t
configure:8861: gcc -c  -O2 -Wall -Wno-implicit  conftest.c >&5
configure:8861: $? = 0
configure:8861: gcc -c  -O2 -Wall -Wno-implicit  conftest.c >&5
conftest.c: In function 'main':
conftest.c:70:24: error: expected expression before ')' token
   70 | if (sizeof ((u_int32_t)))
      |                        ^
configure:8861: $? = 1
configure: failed program was:
| /* confdefs.h */
| #define PACKAGE_NAME ""
| #define PACKAGE_TARNAME ""
| #define PACKAGE_VERSION ""
| #define PACKAGE_STRING ""
| #define PACKAGE_BUGREPORT ""
| #define PACKAGE_URL ""
| #define OS_TYPE "linux-gnu"
| #define USE_OPIE 1
| #define USE_DIGEST 1
| #define ENABLE_DEBUG 1
| #define STDC_HEADERS 1
| #define HAVE_SYS_TYPES_H 1
| #define HAVE_SYS_STAT_H 1
| #define HAVE_STDLIB_H 1
| #define HAVE_STRING_H 1
| #define HAVE_MEMORY_H 1
| #define HAVE_STRINGS_H 1
| #define HAVE_INTTYPES_H 1
| #define HAVE_STDINT_H 1
| #define HAVE_UNISTD_H 1
| #define __EXTENSIONS__ 1
| #define _ALL_SOURCE 1
| #define _GNU_SOURCE 1
| #define _POSIX_PTHREAD_SEMANTICS 1
| #define _TANDEM_SOURCE 1
| #define HAVE_DLFCN_H 1
| #define PROTOTYPES 1
| #define SIZEOF_SHORT 2
| #define SIZEOF_INT 4
| #define SIZEOF_LONG 8
| #define SIZEOF_LONG_LONG 8
| /* end confdefs.h.  */
| #include <stdio.h>
| #ifdef HAVE_SYS_TYPES_H
| # include <sys/types.h>
| #endif
| #ifdef HAVE_SYS_STAT_H
| # include <sys/stat.h>
| #endif
| #ifdef STDC_HEADERS
| # include <stdlib.h>
| # include <stddef.h>
| #else
| # ifdef HAVE_STDLIB_H
| #  include <stdlib.h>
| # endif
| #endif
| #ifdef HAVE_STRING_H
| # if !defined STDC_HEADERS && defined HAVE_MEMORY_H
| #  include <memory.h>
| # endif
| # include <string.h>
| #endif
| #ifdef HAVE_STRINGS_H
| # include <strings.h>
| #endif
| #ifdef HAVE_INTTYPES_H
| # include <inttypes.h>
| #endif
| #ifdef HAVE_STDINT_H
| # include <stdint.h>
| #endif
| #ifdef HAVE_UNISTD_H
| # include <unistd.h>
| #endif
| int
| main ()
| {
| if (sizeof ((u_int32_t)))
| 	    return 0;
|   ;
|   return 0;
| }
configure:8861: result: yes
configure:8875: checking for string.h
configure:8875: result: yes
configure:8875: checking stdarg.h usability
configure:8875: gcc -c  -O2 -Wall -Wno-implicit  conftest.c >&5
configure:8875: $? = 0
configure:8875: result: yes
configure:8875: checking stdarg.h presence
configure:8875: gcc -E  conftest.c
configure:8875: $? = 0
configure:8875: result: yes
configure:8875: checking for stdarg.h
configure:8875: result: yes
configure:8875: checking for unistd.h
configure:8875: result: yes
configure:8875: checking sys/time.h usability
configure:8875: gcc -c  -O2 -Wall -Wno-implicit  conftest.c >&5
configure:8875: $? = 0
configure:8875: result: yes
configure:8875: checking sys/time.h presence
configure:8875: gcc -E  conftest.c
configure:8875: $? = 0
configure:8875: result: yes
configure:8875: checking for sys/time.h
configure:8875: result: yes
configure:8875: checking utime.h usability
configure:8875: gcc -c  -O2 -Wall -Wno-implicit  conftest.c >&5
configure:8875: $? = 0
configure:8875: result: yes
configure:8875: checking utime.h presence
configure:8875: gcc -E  conftest.c
configure:8875: $? = 0
configure:8875: result: yes
configure:8875: checking for utime.h
configure:8875: result: yes
configure:8875: checking sys/utime.h usability
configure:8875: gcc -c  -O2 -Wall -Wno-implicit  conftest.c >&5
conftest.c:73:10: fatal error: sys/utime.h: No such file or directory
   73 | #include <sys/utime.h>
      |          ^~~~~~~~~~~~~
compilation terminated.
configure:8875: $? = 1
configure: failed program was:
| /* confdefs.h */
| #define PACKAGE_NAME ""
| #define PACKAGE_TARNAME ""
| #define PACKAGE_VERSION ""
| #define PACKAGE_STRING ""
| #define PACKAGE_BUGREPORT ""
| #define PACKAGE_URL ""
| #define OS_TYPE "linux-gnu"
| #define USE_OPIE 1
| #define USE_DIGEST 1
| #define ENABLE_DEBUG 1
| #define STDC_HEADERS 1
| #define HAVE_SYS_TYPES_H 1
| #define HAVE_SYS_STAT_H 1
| #define HAVE_STDLIB_H 1
| #define HAVE_STRING_H 1
| #define HAVE_MEMORY_H 1
| #define HAVE_STRINGS_H 1
| #define HAVE_INTTYPES_H 1
| #define HAVE_STDINT_H 1
| #define HAVE_UNISTD_H 1
| #define __EXTENSIONS__ 1
| #define _ALL_SOURCE 1
| #define _GNU_SOURCE 1
| #define _POSIX_PTHREAD_SEMANTICS 1
| #define _TANDEM_SOURCE 1
| #define HAVE_DLFCN_H 1
| #define PROTOTYPES 1
| #define SIZEOF_SHORT 2
| #define SIZEOF_INT 4
| #define SIZEOF_LONG 8
| #define SIZEOF_LONG_LONG 8
| #define HAVE_U_INT32_T 1
| #define HAVE_STRING_H 1
| #define HAVE_STDARG_H 1
| #define HAVE_UNISTD_H 1
| #define HAVE_SYS_TIME_H 1
| #define HAVE_UTIME_H 1
| /* end confdefs.h.  */
| #include <stdio.h>
| #ifdef HAVE_SYS_TYPES_H
| # include <sys/types.h>
| #endif
| #ifdef HAVE_SYS_STAT_H
| # include <sys/stat.h>
| #endif
| #ifdef STDC_HEADERS
| # include <stdlib.h>
| # include <stddef.h>
| #else
| # ifdef HAVE_STDLIB_H
| #  include <stdlib.h>
| # endif
| #endif
| #ifdef HAVE_STRING_H
| # if !defined STDC_HEADERS && defined HAVE_MEMORY_H
| #  include <memory.h>
| # endif
| # include <string.h>
| #endif
| #ifdef HAVE_STRINGS_H
| # include <strings.h>
| #endif
| #ifdef HAVE_INTTYPES_H
| # include <inttypes.h>
| #endif
| #ifdef HAVE_STDINT_H
| # include <stdint.h>
| #endif
| #ifdef HAVE_UNISTD_H
| # include <unistd.h>
| #endif
| #include <sys/utime.h>
configure:8875: result: no
configure:8875: checking sys/utime.h presence
configure:8875: gcc -E  conftest.c
conftest.c:40:10: fatal error: sys/utime.h: No such file or directory
   40 | #include <sys/utime.h>
      |          ^~~~~~~~~~~~~
compilation terminated.
configure:8875: $? = 1
configure: failed program was:
| /* confdefs.h */
| #define PACKAGE_NAME ""
| #define PACKAGE_TARNAME ""
| #define PACKAGE_VERSION ""
| #define PACKAGE_STRING ""
| #define PACKAGE_BUGREPORT ""
| #define PACKAGE_URL ""
| #define OS_TYPE "linux-gnu"
| #define USE_OPIE 1
| #define USE_DIGEST 1
| #define ENABLE_DEBUG 1
| #define STDC_HEADERS 1
| #define HAVE_SYS_TYPES_H 1
| #define HAVE_SYS_STAT_H 1
| #define HAVE_STDLIB_H 1
| #define HAVE_STRING_H 1
| #define HAVE_MEMORY_H 1
| #define HAVE_STRINGS_H 1
| #define HAVE_INTTYPES_H 1
| #define HAVE_STDINT_H 1
| #define HAVE_UNISTD_H 1
| #define __EXTENSIONS__ 1
| #define _ALL_SOURCE 1
| #define _GNU_SOURCE 1
| #define _POSIX_PTHREAD_SEMANTICS 1
| #define _TANDEM_SOURCE 1
| #define HAVE_DLFCN_H 1
| #define PROTOTYPES 1
| #define SIZEOF_SHORT 2
| #define SIZEOF_INT 4
| #define SIZEOF_LONG 8
| #define SIZEOF_LONG_LONG 8
| #define HAVE_U_INT32_T 1
| #define HAVE_STRING_H 1
| #define HAVE_STDARG_H 1
| #define HAVE_UNISTD_H 1
| #define HAVE_SYS_TIME_H 1
| #define HAVE_UTIME_H 1
| /* end confdefs.h.  */
| #include <sys/utime.h>
configure:8875: result: no
configure:8875: checking for sys/utime.h
configure:8875: result: no
configure:8875: checking pwd.h usability
configure:8875: gcc -c  -O2 -Wall -Wno-implicit  conftest.c >&5
configure:8875: $? = 0
configure:8875: result: yes
configure:8875: checking pwd.h presence
configure:8875: gcc -E  conftest.c
configure:8875: $? = 0
configure:8875: result: yes
configure:8875: checking for pwd.h
configure:8875: result: yes
configure:8888: checking termios.h usability
configure:8888: gcc -c  -O2 -Wall -Wno-implicit  conftest.c >&5
configure:8888: $? = 0
configure:8888: result: yes
configure:8888: checking termios.h presence
configure:8888: gcc -E  conftest.c
configure:8888: $? = 0
configure:8888: result: yes
configure:8888: checking for termios.h
configure:8888: result: yes
configure:8888: checking sys/ioctl.h usability
configure:8888: gcc -c  -O2 -Wall -Wno-implicit  conftest.c >&5
configure:8888: $? = 0
configure:8888: result: yes
configure:8888: checking sys/ioctl.h presence
configure:8888: gcc -E  conftest.c
configure:8888: $? = 0
configure:8888: result: yes
configure:8888: checking for sys/ioctl.h
configure:8888: result: yes
configure:8888: checking sys/select.h usability
configure:8888: gcc -c  -O2 -Wall -Wno-implicit  conftest.c >&5
configure:8888: $? = 0
configure:8888: result: yes
configure:8888: checking sys/select.h presence
configure:8888: gcc -E  conftest.c
configure:8888: $? = 0
configure:8888: result: yes
configure:8888: checking for sys/select.h
configure:8888: result: yes
configure:8888: checking sys/utsname.h usability
configure:8888: gcc -c  -O2 -Wall -Wno-implicit  conftest.c >&5
configure:8888: $? = 0
configure:8888: result: yes
configure:8888: checking sys/utsname.h presence
configure:8888: gcc -E  conftest.c
configure:8888: $? = 0
configure:8888: result: yes
configure:8888: checking for sys/utsname.h
configure:8888: result: yes
configure:8901: checking signal.h usability
configure:8901: gcc -c  -O2 -Wall -Wno-implicit  conftest.c >&5
configure:8901: $? = 0
configure:8901: result: yes
configure:8901: checking signal.h presence
configure:8901: gcc -E  conftest.c
configure:8901: $? = 0
configure:8901: result: yes
configure:8901: checking for signal.h
configure:8901: result: yes
configure:8901: checking setjmp.h usability
configure:8901: gcc -c  -O2 -Wall -Wno-implicit  conftest.c >&5
configure:8901: $? = 0
configure:8901: result: yes
configure:8901: checking setjmp.h presence
configure:8901: gcc -E  conftest.c
configure:8901: $? = 0
configure:8901: result: yes
configure:8901: checking for setjmp.h
configure:8901: result: yes
configure:8911: checking whether time.h and sys/time.h may both be included
configure:8931: gcc -c  -O2 -Wall -Wno-implicit  conftest.c >&5
configure:8931: $? = 0
configure:8938: result: yes
configure:8947: checking return type of signal handlers
configure:8965: gcc -c  -O2 -Wall -Wno-implicit  conftest.c >&5
conftest.c: In function 'main':
conftest.c:54:10: error: void value not ignored as it ought to be
   54 | return *(signal (0, 0)) (0) == 1;
      |         ~^~~~~~~~~~~~~~~~~~
configure:8965: $? = 1
configure: failed program was:
| /* confdefs.h */
| #define PACKAGE_NAME ""
| #define PACKAGE_TARNAME ""
| #define PACKAGE_VERSION ""
| #define PACKAGE_STRING ""
| #define PACKAGE_BUGREPORT ""
| #define PACKAGE_URL ""
| #define OS_TYPE "linux-gnu"
| #define USE_OPIE 1
| #define USE_DIGEST 1
| #define ENABLE_DEBUG 1
| #define STDC_HEADERS 1
| #define HAVE_SYS_TYPES_H 1
| #define HAVE_SYS_STAT_H 1
| #define HAVE_STDLIB_H 1
| #define HAVE_STRING_H 1
| #define HAVE_MEMORY_H 1
| #define HAVE_STRINGS_H 1
| #define HAVE_INTTYPES_H 1
| #define HAVE_STDINT_H 1
| #define HAVE_UNISTD_H 1
| #define __EXTENSIONS__ 1
| #define _ALL_SOURCE 1
| #define _GNU_SOURCE 1
| #define _POSIX_PTHREAD_SEMANTICS 1
| #define _TANDEM_SOURCE 1
| #define HAVE_DLFCN_H 1
| #define PROTOTYPES 1
| #define SIZEOF_SHORT 2
| #define SIZEOF_INT 4
| #define SIZEOF_LONG 8
| #define SIZEOF_LONG_LONG 8
| #define HAVE_U_INT32_T 1
| #define HAVE_STRING_H 1
| #define HAVE_STDARG_H 1
| #define HAVE_UNISTD_H 1
| #define HAVE_SYS_TIME_H 1
| #define HAVE_UTIME_H 1
| #define HAVE_PWD_H 1
| #define HAVE_TERMIOS_H 1
| #define HAVE_SYS_IOCTL_H 1
| #define HAVE_SYS_SELECT_H 1
| #define HAVE_SYS_UTSNAME_H 1
| #define HAVE_SIGNAL_H 1
| #define HAVE_SETJMP_H 1
| #define TIME_WITH_SYS_TIME 1
| /* end confdefs.h.  */
| #include <sys/types.h>
| #include <signal.h>
| 
| int
| main ()
| {
| return *(signal (0, 0)) (0) == 1;
|   ;
|   return 0;
| }
configure:8972: result: void
configure:8981: checking for struct utimbuf
configure:8992: result: yes
configure:9005: checking for socklen_t
configure:9022: gcc -c  -O2 -Wall -Wno-implicit  conftest.c >&5
configure:9022: $? = 0
configure:9023: result: yes
configure:9065: checking for working alloca.h
configure:9082: gcc -o conftest  -O2 -Wall -Wno-implicit   conftest.c  >&5
configure:9082: $? = 0
configure:9090: result: yes
configure:9098: checking for alloca
configure:9135: gcc -o conftest  -O2 -Wall -Wno-implicit   conftest.c  >&5
configure:9135: $? = 0
configure:9143: result: yes
configure:9255: checking for stdlib.h
configure:9255: result: yes
configure:9255: checking for unistd.h
configure:9255: result: yes
configure:9255: checking for sys/param.h
configure:9255: gcc -c  -O2 -Wall -Wno-implicit  conftest.c >&5
configure:9255: $? = 0
configure:9255: result: yes
configure:9275: checking for getpagesize
configure:9275: gcc -o conftest  -O2 -Wall -Wno-implicit   conftest.c  >&5
configure:9275: $? = 0
configure:9275: result: yes
configure:9284: checking for working mmap
configure:9431: gcc -o conftest  -O2 -Wall -Wno-implicit   conftest.c  >&5
configure:9431: $? = 0
configure:9431: ./conftest
configure:9431: $? = 0
configure:9441: result: yes
configure:9453: checking for strdup
configure:9453: gcc -o conftest  -O2 -Wall -Wno-implicit   conftest.c  >&5
conftest.c:80:6: warning: conflicting types for built-in function 'strdup'; expected 'char *(const char *)' [-Wbuiltin-declaration-mismatch]
   80 | char strdup ();
      |      ^~~~~~
configure:9453: $? = 0
configure:9453: result: yes
configure:9453: checking for strstr
configure:9453: gcc -o conftest  -O2 -Wall -Wno-implicit   conftest.c  >&5
conftest.c:81:6: warning: conflicting types for built-in function 'strstr'; expected 'char *(const char *, const char *)' [-Wbuiltin-declaration-mismatch]
   81 | char strstr ();
      |      ^~~~~~
conftest.c:69:1: note: 'strstr' is declared in header '<string.h>'
   68 | # include <limits.h>
   69 | #else
configure:9453: $? = 0
configure:9453: result: yes
configure:9453: checking for strcasecmp
configure:9453: gcc -o conftest  -O2 -Wall -Wno-implicit   conftest.c  >&5
conftest.c:82:6: warning: conflicting types for built-in function 'strcasecmp'; expected 'int(const char *, const char *)' [-Wbuiltin-declaration-mismatch]
   82 | char strcasecmp ();
      |      ^~~~~~~~~~
configure:9453: $? = 0
configure:9453: result: yes
configure:9453: checking for strncasecmp
configure:9453: gcc -o conftest  -O2 -Wall -Wno-implicit   conftest.c  >&5
conftest.c:83:6: warning: conflicting types for built-in function 'strncasecmp'; expected 'int(const char *, const char *, long unsigned int)' [-Wbuiltin-declaration-mismatch]
   83 | char strncasecmp ();
      |      ^~~~~~~~~~~
configure:9453: $? = 0
configure:9453: result: yes
configure:9453: checking for strpbrk
configure:9453: gcc -o conftest  -O2 -Wall -Wno-implicit   conftest.c  >&5
conftest.c:84:6: warning: conflicting types for built-in function 'strpbrk'; expected 'char *(const char *, const char *)' [-Wbuiltin-declaration-mismatch]
   84 | char strpbrk ();
      |      ^~~~~~~
conftest.c:72:1: note: 'strpbrk' is declared in header '<string.h>'
   71 | # include <limits.h>
   72 | #else
configure:9453: $? = 0
configure:9453: result: yes
configure:9453: checking for memmove
configure:9453: gcc -o conftest  -O2 -Wall -Wno-implicit   conftest.c  >&5
conftest.c:85:6: warning: conflicting types for built-in function 'memmove'; expected 'void *(void *, const void *, long unsigned int)' [-Wbuiltin-declaration-mismatch]
   85 | char memmove ();
      |      ^~~~~~~
conftest.c:73:1: note: 'memmove' is declared in header '<string.h>'
   72 | # include <limits.h>
   73 | #else
configure:9453: $? = 0
configure:9453: result: yes
configure:9465: checking for gettimeofday
configure:9465: gcc -o conftest  -O2 -Wall -Wno-implicit   conftest.c  >&5
configure:9465: $? = 0
configure:9465: result: yes
configure:9465: checking for mktime
configure:9465: gcc -o conftest  -O2 -Wall -Wno-implicit   conftest.c  >&5
configure:9465: $? = 0
configure:9465: result: yes
configure:9465: checking for strptime
configure:9465: gcc -o conftest  -O2 -Wall -Wno-implicit   conftest.c  >&5
configure:9465: $? = 0
configure:9465: result: yes
configure:9465: checking for strerror
configure:9465: gcc -o conftest  -O2 -Wall -Wno-implicit   conftest.c  >&5
configure:9465: $? = 0
configure:9465: result: yes
configure:9465: checking for snprintf
configure:9465: gcc -o conftest  -O2 -Wall -Wno-implicit   conftest.c  >&5
conftest.c:90:6: warning: conflicting types for built-in function 'snprintf'; expected 'int(char *, long unsigned int,  const char *, ...)' [-Wbuiltin-declaration-mismatch]
   90 | char snprintf ();
      |      ^~~~~~~~
conftest.c:78:1: note: 'snprintf' is declared in header '<stdio.h>'
   77 | # include <limits.h>
   78 | #else
configure:9465: $? = 0
configure:9465: result: yes
configure:9465: checking for vsnprintf
configure:9465: gcc -o conftest  -O2 -Wall -Wno-implicit   conftest.c  >&5
conftest.c:91:6: warning: conflicting types for built-in function 'vsnprintf'; expected 'int(char *, long unsigned int,  const char *, __va_list_tag *)' [-Wbuiltin-declaration-mismatch]
   91 | char vsnprintf ();
      |      ^~~~~~~~~
conftest.c:79:1: note: 'vsnprintf' is declared in header '<stdio.h>'
   78 | # include <limits.h>
   79 | #else
configure:9465: $? = 0
configure:9465: result: yes
configure:9477: checking for select
configure:9477: gcc -o conftest  -O2 -Wall -Wno-implicit   conftest.c  >&5
configure:9477: $? = 0
configure:9477: result: yes
configure:9477: checking for sigblock
configure:9477: gcc -o conftest  -O2 -Wall -Wno-implicit   conftest.c  >&5
configure:9477: $? = 0
configure:9477: result: yes
configure:9477: checking for sigsetjmp
configure:9477: gcc -o conftest  -O2 -Wall -Wno-implicit   conftest.c  >&5
/usr/bin/ld: /tmp/ccpEHMqK.o: in function `main':
conftest.c:(.text.startup+0x7): undefined reference to `sigsetjmp'
collect2: error: ld returned 1 exit status
configure:9477: $? = 1
configure: failed program was:
| /* confdefs.h */
| #define PACKAGE_NAME ""
| #define PACKAGE_TARNAME ""
| #define PACKAGE_VERSION ""
| #define PACKAGE_STRING ""
| #define PACKAGE_BUGREPORT ""
| #define PACKAGE_URL ""
| #define OS_TYPE "linux-gnu"
| #define USE_OPIE 1
| #define USE_DIGEST 1
| #define ENABLE_DEBUG 1
| #define STDC_HEADERS 1
| #define HAVE_SYS_TYPES_H 1
| #define HAVE_SYS_STAT_H 1
| #define HAVE_STDLIB_H 1
| #define HAVE_STRING_H 1
| #define HAVE_MEMORY_H 1
| #define HAVE_STRINGS_H 1
| #define HAVE_INTTYPES_H 1
| #define HAVE_STDINT_H 1
| #define HAVE_UNISTD_H 1
| #define __EXTENSIONS__ 1
| #define _ALL_SOURCE 1
| #define _GNU_SOURCE 1
| #define _POSIX_PTHREAD_SEMANTICS 1
| #define _TANDEM_SOURCE 1
| #define HAVE_DLFCN_H 1
| #define PROTOTYPES 1
| #define SIZEOF_SHORT 2
| #define SIZEOF_INT 4
| #define SIZEOF_LONG 8
| #define SIZEOF_LONG_LONG 8
| #define HAVE_U_INT32_T 1
| #define HAVE_STRING_H 1
| #define HAVE_STDARG_H 1
| #define HAVE_UNISTD_H 1
| #define HAVE_SYS_TIME_H 1
| #define HAVE_UTIME_H 1
| #define HAVE_PWD_H 1
| #define HAVE_TERMIOS_H 1
| #define HAVE_SYS_IOCTL_H 1
| #define HAVE_SYS_SELECT_H 1
| #define HAVE_SYS_UTSNAME_H 1
| #define HAVE_SIGNAL_H 1
| #define HAVE_SETJMP_H 1
| #define TIME_WITH_SYS_TIME 1
| #define RETSIGTYPE void
| #define HAVE_STRUCT_UTIMBUF 1
| #define HAVE_ALLOCA_H 1
| #define HAVE_ALLOCA 1
| #define HAVE_STDLIB_H 1
| #define HAVE_UNISTD_H 1
| #define HAVE_SYS_PARAM_H 1
| #define HAVE_GETPAGESIZE 1
| #define HAVE_MMAP 1
| #define HAVE_STRDUP 1
| #define HAVE_STRSTR 1
| #define HAVE_STRCASECMP 1
| #define HAVE_STRNCASECMP 1
| #define HAVE_STRPBRK 1
| #define HAVE_MEMMOVE 1
| #define HAVE_GETTIMEOFDAY 1
| #define HAVE_MKTIME 1
| #define HAVE_STRPTIME 1
| #define HAVE_STRERROR 1
| #define HAVE_SNPRINTF 1
| #define HAVE_VSNPRINTF 1
| #define HAVE_SELECT 1
| #define HAVE_SIGBLOCK 1
| /* end confdefs.h.  */
| /* Define sigsetjmp to an innocuous variant, in case <limits.h> declares sigsetjmp.
|    For example, HP-UX 11i <limits.h> declares gettimeofday.  */
| #define sigsetjmp innocuous_sigsetjmp
| 
| /* System header to define __stub macros and hopefully few prototypes,
|     which can conflict with char sigsetjmp (); below.
|     Prefer <limits.h> to <assert.h> if __STDC__ is defined, since
|     <limits.h> exists even on freestanding compilers.  */
| 
| #ifdef __STDC__
| # include <limits.h>
| #else
| # include <assert.h>
| #endif
| 
| #undef sigsetjmp
| 
| /* Override any GCC internal prototype to avoid an error.
|    Use char because int might match the return type of a GCC
|    builtin and then its argument prototype would still apply.  */
| #ifdef __cplusplus
| extern "C"
| #endif
| char sigsetjmp ();
| /* The GNU C library defines this for functions which it implements
|     to always fail with ENOSYS.  Some functions are actually named
|     something starting with __ and the normal name is an alias.  */
| #if defined __stub_sigsetjmp || defined __stub___sigsetjmp
| choke me
| #endif
| 
| int
| main ()
| {
| return sigsetjmp ();
|   ;
|   return 0;
| }
configure:9477: result: no
configure:9477: checking for signal
configure:9477: gcc -o conftest  -O2 -Wall -Wno-implicit   conftest.c  >&5
configure:9477: $? = 0
configure:9477: result: yes
configure:9477: checking for symlink
configure:9477: gcc -o conftest  -O2 -Wall -Wno-implicit   conftest.c  >&5
configure:9477: $? = 0
configure:9477: result: yes
configure:9477: checking for access
configure:9477: gcc -o conftest  -O2 -Wall -Wno-implicit   conftest.c  >&5
configure:9477: $? = 0
configure:9477: result: yes
configure:9477: checking for isatty
configure:9477: gcc -o conftest  -O2 -Wall -Wno-implicit   conftest.c  >&5
configure:9477: $? = 0
configure:9477: result: yes
configure:9489: checking for uname
configure:9489: gcc -o conftest  -O2 -Wall -Wno-implicit   conftest.c  >&5
configure:9489: $? = 0
configure:9489: result: yes
configure:9489: checking for gethostname
configure:9489: gcc -o conftest  -O2 -Wall -Wno-implicit   conftest.c  >&5
configure:9489: $? = 0
configure:9489: result: yes
configure:9489: checking for usleep
configure:9489: gcc -o conftest  -O2 -Wall -Wno-implicit   conftest.c  >&5
configure:9489: $? = 0
configure:9489: result: yes
configure:9499: checking for getopt_long
configure:9499: gcc -o conftest  -O2 -Wall -Wno-implicit   conftest.c  >&5
configure:9499: $? = 0
configure:9499: result: yes
configure:9515: checking for gethostbyname
configure:9515: gcc -o conftest  -O2 -Wall -Wno-implicit   conftest.c  >&5
configure:9515: $? = 0
configure:9515: result: yes
configure:9530: checking for inet_ntoa
configure:9530: gcc -o conftest  -O2 -Wall -Wno-implicit   conftest.c  >&5
configure:9530: $? = 0
configure:9530: result: yes
configure:9593: checking for socket in -lsocket
configure:9618: gcc -o conftest  -O2 -Wall -Wno-implicit   conftest.c -lsocket   >&5
/usr/bin/ld: cannot find -lsocket
collect2: error: ld returned 1 exit status
configure:9618: $? = 1
configure: failed program was:
| /* confdefs.h */
| #define PACKAGE_NAME ""
| #define PACKAGE_TARNAME ""
| #define PACKAGE_VERSION ""
| #define PACKAGE_STRING ""
| #define PACKAGE_BUGREPORT ""
| #define PACKAGE_URL ""
| #define OS_TYPE "linux-gnu"
| #define USE_OPIE 1
| #define USE_DIGEST 1
| #define ENABLE_DEBUG 1
| #define STDC_HEADERS 1
| #define HAVE_SYS_TYPES_H 1
| #define HAVE_SYS_STAT_H 1
| #define HAVE_STDLIB_H 1
| #define HAVE_STRING_H 1
| #define HAVE_MEMORY_H 1
| #define HAVE_STRINGS_H 1
| #define HAVE_INTTYPES_H 1
| #define HAVE_STDINT_H 1
| #define HAVE_UNISTD_H 1
| #define __EXTENSIONS__ 1
| #define _ALL_SOURCE 1
| #define _GNU_SOURCE 1
| #define _POSIX_PTHREAD_SEMANTICS 1
| #define _TANDEM_SOURCE 1
| #define HAVE_DLFCN_H 1
| #define PROTOTYPES 1
| #define SIZEOF_SHORT 2
| #define SIZEOF_INT 4
| #define SIZEOF_LONG 8
| #define SIZEOF_LONG_LONG 8
| #define HAVE_U_INT32_T 1
| #define HAVE_STRING_H 1
| #define HAVE_STDARG_H 1
| #define HAVE_UNISTD_H 1
| #define HAVE_SYS_TIME_H 1
| #define HAVE_UTIME_H 1
| #define HAVE_PWD_H 1
| #define HAVE_TERMIOS_H 1
| #define HAVE_SYS_IOCTL_H 1
| #define HAVE_SYS_SELECT_H 1
| #define HAVE_SYS_UTSNAME_H 1
| #define HAVE_SIGNAL_H 1
| #define HAVE_SETJMP_H 1
| #define TIME_WITH_SYS_TIME 1
| #define RETSIGTYPE void
| #define HAVE_STRUCT_UTIMBUF 1
| #define HAVE_ALLOCA_H 1
| #define HAVE_ALLOCA 1
| #define HAVE_STDLIB_H 1
| #define HAVE_UNISTD_H 1
| #define HAVE_SYS_PARAM_H 1
| #define HAVE_GETPAGESIZE 1
| #define HAVE_MMAP 1
| #define HAVE_STRDUP 1
| #define HAVE_STRSTR 1
| #define HAVE_STRCASECMP 1
| #define HAVE_STRNCASECMP 1
| #define HAVE_STRPBRK 1
| #define HAVE_MEMMOVE 1
| #define HAVE_GETTIMEOFDAY 1
| #define HAVE_MKTIME 1
| #define HAVE_STRPTIME 1
| #define HAVE_STRERROR 1
| #define HAVE_SNPRINTF 1
| #define HAVE_VSNPRINTF 1
| #define HAVE_SELECT 1
| #define HAVE_SIGBLOCK 1
| #define HAVE_SIGNAL 1
| #define HAVE_SYMLINK 1
| #define HAVE_ACCESS 1
| #define HAVE_ISATTY 1
| #define HAVE_UNAME 1
| #define HAVE_GETHOSTNAME 1
| #define HAVE_USLEEP 1
| #define HAVE_GETHOSTBYNAME 1
| #define HAVE_INET_NTOA 1
| /* end confdefs.h.  */
| 
| /* Override any GCC internal prototype to avoid an error.
|    Use char because int might match the return type of a GCC
|    builtin and then its argument prototype would still apply.  */
| #ifdef __cplusplus
| extern "C"
| #endif
| char socket ();
| int
| main ()
| {
| return socket ();
|   ;
|   return 0;
| }
configure:9627: result: no
configure:9754: checking for dlopen in -ldl
configure:9779: /bin/sh ./libtool gcc -o conftest  -O2 -Wall -Wno-implicit   conftest.c -ldl   >&5
mkdir .libs
gcc -o conftest -O2 -Wall -Wno-implicit conftest.c  -ldl
configure:9779: $? = 0
configure:9788: result: yes
configure:9799: checking for shl_load in -ldl
configure:9824: /bin/sh ./libtool gcc -o conftest  -O2 -Wall -Wno-implicit   conftest.c -ldl  -ldl  >&5
gcc -o conftest -O2 -Wall -Wno-implicit conftest.c  -ldl
/usr/bin/ld: /tmp/ccTGd6Gk.o: in function `main':
conftest.c:(.text.startup+0x7): undefined reference to `shl_load'
collect2: error: ld returned 1 exit status
configure:9824: $? = 1
configure: failed program was:
| /* confdefs.h */
| #define PACKAGE_NAME ""
| #define PACKAGE_TARNAME ""
| #define PACKAGE_VERSION ""
| #define PACKAGE_STRING ""
| #define PACKAGE_BUGREPORT ""
| #define PACKAGE_URL ""
| #define OS_TYPE "linux-gnu"
| #define USE_OPIE 1
| #define USE_DIGEST 1
| #define ENABLE_DEBUG 1
| #define STDC_HEADERS 1
| #define HAVE_SYS_TYPES_H 1
| #define HAVE_SYS_STAT_H 1
| #define HAVE_STDLIB_H 1
| #define HAVE_STRING_H 1
| #define HAVE_MEMORY_H 1
| #define HAVE_STRINGS_H 1
| #define HAVE_INTTYPES_H 1
| #define HAVE_STDINT_H 1
| #define HAVE_UNISTD_H 1
| #define __EXTENSIONS__ 1
| #define _ALL_SOURCE 1
| #define _GNU_SOURCE 1
| #define _POSIX_PTHREAD_SEMANTICS 1
| #define _TANDEM_SOURCE 1
| #define HAVE_DLFCN_H 1
| #define PROTOTYPES 1
| #define SIZEOF_SHORT 2
| #define SIZEOF_INT 4
| #define SIZEOF_LONG 8
| #define SIZEOF_LONG_LONG 8
| #define HAVE_U_INT32_T 1
| #define HAVE_STRING_H 1
| #define HAVE_STDARG_H 1
| #define HAVE_UNISTD_H 1
| #define HAVE_SYS_TIME_H 1
| #define HAVE_UTIME_H 1
| #define HAVE_PWD_H 1
| #define HAVE_TERMIOS_H 1
| #define HAVE_SYS_IOCTL_H 1
| #define HAVE_SYS_SELECT_H 1
| #define HAVE_SYS_UTSNAME_H 1
| #define HAVE_SIGNAL_H 1
| #define HAVE_SETJMP_H 1
| #define TIME_WITH_SYS_TIME 1
| #define RETSIGTYPE void
| #define HAVE_STRUCT_UTIMBUF 1
| #define HAVE_ALLOCA_H 1
| #define HAVE_ALLOCA 1
| #define HAVE_STDLIB_H 1
| #define HAVE_UNISTD_H 1
| #define HAVE_SYS_PARAM_H 1
| #define HAVE_GETPAGESIZE 1
| #define HAVE_MMAP 1
| #define HAVE_STRDUP 1
| #define HAVE_STRSTR 1
| #define HAVE_STRCASECMP 1
| #define HAVE_STRNCASECMP 1
| #define HAVE_STRPBRK 1
| #define HAVE_MEMMOVE 1
| #define HAVE_GETTIMEOFDAY 1
| #define HAVE_MKTIME 1
| #define HAVE_STRPTIME 1
| #define HAVE_STRERROR 1
| #define HAVE_SNPRINTF 1
| #define HAVE_VSNPRINTF 1
| #define HAVE_SELECT 1
| #define HAVE_SIGBLOCK 1
| #define HAVE_SIGNAL 1
| #define HAVE_SYMLINK 1
| #define HAVE_ACCESS 1
| #define HAVE_ISATTY 1
| #define HAVE_UNAME 1
| #define HAVE_GETHOSTNAME 1
| #define HAVE_USLEEP 1
| #define HAVE_GETHOSTBYNAME 1
| #define HAVE_INET_NTOA 1
| #define HAVE_LIBDL 1
| /* end confdefs.h.  */
| 
| /* Override any GCC internal prototype to avoid an error.
|    Use char because int might match the return type of a GCC
|    builtin and then its argument prototype would still apply.  */
| #ifdef __cplusplus
| extern "C"
| #endif
| char shl_load ();
| int
| main ()
| {
| return shl_load ();
|   ;
|   return 0;
| }
configure:9833: result: no
configure:9856: result: Looking for SSL libraries in system-default
configure:9863: checking for includes
configure:9872: gcc -E   conftest.c
configure:9872: $? = 0
configure:9873: result: found
configure:9893: checking for RSA_new in -lcrypto
configure:9918: /bin/sh ./libtool gcc -o conftest  -O2 -Wall -Wno-implicit    conftest.c -lcrypto  -ldl  >&5
gcc -o conftest -O2 -Wall -Wno-implicit conftest.c  -lcrypto -ldl
configure:9918: $? = 0
configure:9927: result: yes
configure:9940: checking for SSL_new in -lssl
configure:9965: /bin/sh ./libtool gcc -o conftest  -O2 -Wall -Wno-implicit    conftest.c -lssl  -lcrypto -ldl  >&5
gcc -o conftest -O2 -Wall -Wno-implicit conftest.c  -lssl -lcrypto -ldl
configure:9965: $? = 0
configure:9974: result: yes
configure:9996: checking whether SSL libs are resolved at runtime
configure:10011: /bin/sh ./libtool gcc -o conftest  -O2 -Wall -Wno-implicit    conftest.c -lssl -lcrypto -ldl  >&5
gcc -o conftest -O2 -Wall -Wno-implicit conftest.c  -lssl -lcrypto -ldl
configure:10011: $? = 0
configure:10011: ./conftest
configure:10011: $? = 0
configure:10012: result: yes
configure:10030: result: Compiling in support for SSL in system-default
configure:10061: checking for md5_calc in -lmd5
configure:10086: gcc -o conftest  -O2 -Wall -Wno-implicit   conftest.c -lmd5  -lssl -lcrypto -ldl  >&5
/usr/bin/ld: cannot find -lmd5
collect2: error: ld returned 1 exit status
configure:10086: $? = 1
configure: failed program was:
| /* confdefs.h */
| #define PACKAGE_NAME ""
| #define PACKAGE_TARNAME ""
| #define PACKAGE_VERSION ""
| #define PACKAGE_STRING ""
| #define PACKAGE_BUGREPORT ""
| #define PACKAGE_URL ""
| #define OS_TYPE "linux-gnu"
| #define USE_OPIE 1
| #define USE_DIGEST 1
| #define ENABLE_DEBUG 1
| #define STDC_HEADERS 1
| #define HAVE_SYS_TYPES_H 1
| #define HAVE_SYS_STAT_H 1
| #define HAVE_STDLIB_H 1
| #define HAVE_STRING_H 1
| #define HAVE_MEMORY_H 1
| #define HAVE_STRINGS_H 1
| #define HAVE_INTTYPES_H 1
| #define HAVE_STDINT_H 1
| #define HAVE_UNISTD_H 1
| #define __EXTENSIONS__ 1
| #define _ALL_SOURCE 1
| #define _GNU_SOURCE 1
| #define _POSIX_PTHREAD_SEMANTICS 1
| #define _TANDEM_SOURCE 1
| #define HAVE_DLFCN_H 1
| #define PROTOTYPES 1
| #define SIZEOF_SHORT 2
| #define SIZEOF_INT 4
| #define SIZEOF_LONG 8
| #define SIZEOF_LONG_LONG 8
| #define HAVE_U_INT32_T 1
| #define HAVE_STRING_H 1
| #define HAVE_STDARG_H 1
| #define HAVE_UNISTD_H 1
| #define HAVE_SYS_TIME_H 1
| #define HAVE_UTIME_H 1
| #define HAVE_PWD_H 1
| #define HAVE_TERMIOS_H 1
| #define HAVE_SYS_IOCTL_H 1
| #define HAVE_SYS_SELECT_H 1
| #define HAVE_SYS_UTSNAME_H 1
| #define HAVE_SIGNAL_H 1
| #define HAVE_SETJMP_H 1
| #define TIME_WITH_SYS_TIME 1
| #define RETSIGTYPE void
| #define HAVE_STRUCT_UTIMBUF 1
| #define HAVE_ALLOCA_H 1
| #define HAVE_ALLOCA 1
| #define HAVE_STDLIB_H 1
| #define HAVE_UNISTD_H 1
| #define HAVE_SYS_PARAM_H 1
| #define HAVE_GETPAGESIZE 1
| #define HAVE_MMAP 1
| #define HAVE_STRDUP 1
| #define HAVE_STRSTR 1
| #define HAVE_STRCASECMP 1
| #define HAVE_STRNCASECMP 1
| #define HAVE_STRPBRK 1
| #define HAVE_MEMMOVE 1
| #define HAVE_GETTIMEOFDAY 1
| #define HAVE_MKTIME 1
| #define HAVE_STRPTIME 1
| #define HAVE_STRERROR 1
| #define HAVE_SNPRINTF 1
| #define HAVE_VSNPRINTF 1
| #define HAVE_SELECT 1
| #define HAVE_SIGBLOCK 1
| #define HAVE_SIGNAL 1
| #define HAVE_SYMLINK 1
| #define HAVE_ACCESS 1
| #define HAVE_ISATTY 1
| #define HAVE_UNAME 1
| #define HAVE_GETHOSTNAME 1
| #define HAVE_USLEEP 1
| #define HAVE_GETHOSTBYNAME 1
| #define HAVE_INET_NTOA 1
| #define HAVE_LIBDL 1
| #define HAVE_LIBCRYPTO 1
| #define HAVE_LIBSSL 1
| #define HAVE_SSL 1
| /* end confdefs.h.  */
| 
| /* Override any GCC internal prototype to avoid an error.
|    Use char because int might match the return type of a GCC
|    builtin and then its argument prototype would still apply.  */
| #ifdef __cplusplus
| extern "C"
| #endif
| char md5_calc ();
| int
| main ()
| {
| return md5_calc ();
|   ;
|   return 0;
| }
configure:10095: result: no
configure:10424: checking whether NLS is requested
configure:10433: result: yes
configure:10438: result: language catalogs: bg ca cs da de el es et fr gl he hr hu it ja nl no pl pt_BR ro ru sk sl sv tr uk zh_CN zh_TW 
configure:10442: checking for msgfmt
configure:10469: result: /usr/bin/msgfmt
configure:10478: checking for xgettext
configure:10505: result: /usr/bin/xgettext
configure:10515: checking for gmsgfmt
configure:10546: result: /usr/bin/msgfmt
configure:10571: checking locale.h usability
configure:10571: gcc -c  -O2 -Wall -Wno-implicit  conftest.c >&5
configure:10571: $? = 0
configure:10571: result: yes
configure:10571: checking locale.h presence
configure:10571: gcc -E  conftest.c
configure:10571: $? = 0
configure:10571: result: yes
configure:10571: checking for locale.h
configure:10571: result: yes
configure:10571: checking libintl.h usability
configure:10571: gcc -c  -O2 -Wall -Wno-implicit  conftest.c >&5
configure:10571: $? = 0
configure:10571: result: yes
configure:10571: checking libintl.h presence
configure:10571: gcc -E  conftest.c
configure:10571: $? = 0
configure:10571: result: yes
configure:10571: checking for libintl.h
configure:10571: result: yes
configure:10583: checking for gettext in -lintl
configure:10608: gcc -o conftest  -O2 -Wall -Wno-implicit   conftest.c -lintl  -lssl -lcrypto -ldl  >&5
conftest.c:95:6: warning: conflicting types for built-in function 'gettext'; expected 'char *(const char *)' [-Wbuiltin-declaration-mismatch]
   95 | char gettext ();
      |      ^~~~~~~
/usr/bin/ld: cannot find -lintl
collect2: error: ld returned 1 exit status
configure:10608: $? = 1
configure: failed program was:
| /* confdefs.h */
| #define PACKAGE_NAME ""
| #define PACKAGE_TARNAME ""
| #define PACKAGE_VERSION ""
| #define PACKAGE_STRING ""
| #define PACKAGE_BUGREPORT ""
| #define PACKAGE_URL ""
| #define OS_TYPE "linux-gnu"
| #define USE_OPIE 1
| #define USE_DIGEST 1
| #define ENABLE_DEBUG 1
| #define STDC_HEADERS 1
| #define HAVE_SYS_TYPES_H 1
| #define HAVE_SYS_STAT_H 1
| #define HAVE_STDLIB_H 1
| #define HAVE_STRING_H 1
| #define HAVE_MEMORY_H 1
| #define HAVE_STRINGS_H 1
| #define HAVE_INTTYPES_H 1
| #define HAVE_STDINT_H 1
| #define HAVE_UNISTD_H 1
| #define __EXTENSIONS__ 1
| #define _ALL_SOURCE 1
| #define _GNU_SOURCE 1
| #define _POSIX_PTHREAD_SEMANTICS 1
| #define _TANDEM_SOURCE 1
| #define HAVE_DLFCN_H 1
| #define PROTOTYPES 1
| #define SIZEOF_SHORT 2
| #define SIZEOF_INT 4
| #define SIZEOF_LONG 8
| #define SIZEOF_LONG_LONG 8
| #define HAVE_U_INT32_T 1
| #define HAVE_STRING_H 1
| #define HAVE_STDARG_H 1
| #define HAVE_UNISTD_H 1
| #define HAVE_SYS_TIME_H 1
| #define HAVE_UTIME_H 1
| #define HAVE_PWD_H 1
| #define HAVE_TERMIOS_H 1
| #define HAVE_SYS_IOCTL_H 1
| #define HAVE_SYS_SELECT_H 1
| #define HAVE_SYS_UTSNAME_H 1
| #define HAVE_SIGNAL_H 1
| #define HAVE_SETJMP_H 1
| #define TIME_WITH_SYS_TIME 1
| #define RETSIGTYPE void
| #define HAVE_STRUCT_UTIMBUF 1
| #define HAVE_ALLOCA_H 1
| #define HAVE_ALLOCA 1
| #define HAVE_STDLIB_H 1
| #define HAVE_UNISTD_H 1
| #define HAVE_SYS_PARAM_H 1
| #define HAVE_GETPAGESIZE 1
| #define HAVE_MMAP 1
| #define HAVE_STRDUP 1
| #define HAVE_STRSTR 1
| #define HAVE_STRCASECMP 1
| #define HAVE_STRNCASECMP 1
| #define HAVE_STRPBRK 1
| #define HAVE_MEMMOVE 1
| #define HAVE_GETTIMEOFDAY 1
| #define HAVE_MKTIME 1
| #define HAVE_STRPTIME 1
| #define HAVE_STRERROR 1
| #define HAVE_SNPRINTF 1
| #define HAVE_VSNPRINTF 1
| #define HAVE_SELECT 1
| #define HAVE_SIGBLOCK 1
| #define HAVE_SIGNAL 1
| #define HAVE_SYMLINK 1
| #define HAVE_ACCESS 1
| #define HAVE_ISATTY 1
| #define HAVE_UNAME 1
| #define HAVE_GETHOSTNAME 1
| #define HAVE_USLEEP 1
| #define HAVE_GETHOSTBYNAME 1
| #define HAVE_INET_NTOA 1
| #define HAVE_LIBDL 1
| #define HAVE_LIBCRYPTO 1
| #define HAVE_LIBSSL 1
| #define HAVE_SSL 1
| #define HAVE_OPENSSL_MD5 1
| #define HAVE_MD5 1
| #define HAVE_LOCALE_H 1
| #define HAVE_LIBINTL_H 1
| /* end confdefs.h.  */
| 
| /* Override any GCC internal prototype to avoid an error.
|    Use char because int might match the return type of a GCC
|    builtin and then its argument prototype would still apply.  */
| #ifdef __cplusplus
| extern "C"
| #endif
| char gettext ();
| int
| main ()
| {
| return gettext ();
|   ;
|   return 0;
| }
configure:10617: result: no
configure:10629: checking for gettext
configure:10629: gcc -o conftest  -O2 -Wall -Wno-implicit   conftest.c -lssl -lcrypto -ldl  >&5
conftest.c:111:6: warning: conflicting types for built-in function 'gettext'; expected 'char *(const char *)' [-Wbuiltin-declaration-mismatch]
  111 | char gettext ();
      |      ^~~~~~~
configure:10629: $? = 0
configure:10629: result: yes
configure:10678: checking for makeinfo
configure:10708: result: no
configure:10678: checking for emacs
configure:10708: result: no
configure:10678: checking for xemacs
configure:10708: result: no
configure:10728: checking for perl5
configure:10761: result: no
configure:10728: checking for perl
configure:10746: found /usr/bin/perl
configure:10758: result: /usr/bin/perl
configure:10772: checking for pod2man
configure:10790: found /usr/bin/pod2man
configure:10803: result: /usr/bin/pod2man
configure:10929: creating ./config.status

## ---------------------- ##
## Running config.status. ##
## ---------------------- ##

This file was extended by config.status, which was
generated by GNU Autoconf 2.69.  Invocation command line was

  CONFIG_FILES    = 
  CONFIG_HEADERS  = 
  CONFIG_LINKS    = 
  CONFIG_COMMANDS = 
  $ ./config.status 

on localhost.localdomain

config.status:924: creating Makefile
config.status:1027: WARNING:  'Makefile.in' seems to ignore the --datarootdir setting
config.status:924: creating src/Makefile
config.status:924: creating doc/Makefile
config.status:1027: WARNING:  'doc/Makefile.in' seems to ignore the --datarootdir setting
config.status:924: creating util/Makefile
config.status:924: creating po/Makefile.in
config.status:924: creating windows/Makefile
config.status:924: creating src/config.h
config.status:1099: src/config.h is unchanged
config.status:1113: executing default commands

## ---------------- ##
## Cache variables. ##
## ---------------- ##

ac_cv_build=x86_64-unknown-linux-gnu
ac_cv_c_bigendian=no
ac_cv_c_compiler_gnu=yes
ac_cv_c_const=yes
ac_cv_c_inline=inline
ac_cv_env_CC_set=
ac_cv_env_CC_value=
ac_cv_env_CFLAGS_set=
ac_cv_env_CFLAGS_value=
ac_cv_env_CPPFLAGS_set=
ac_cv_env_CPPFLAGS_value=
ac_cv_env_CPP_set=
ac_cv_env_CPP_value=
ac_cv_env_LDFLAGS_set=
ac_cv_env_LDFLAGS_value=
ac_cv_env_LIBS_set=
ac_cv_env_LIBS_value=
ac_cv_env_build_alias_set=
ac_cv_env_build_alias_value=
ac_cv_env_host_alias_set=
ac_cv_env_host_alias_value=
ac_cv_env_target_alias_set=
ac_cv_env_target_alias_value=
ac_cv_func_access=yes
ac_cv_func_alloca_works=yes
ac_cv_func_gethostbyname=yes
ac_cv_func_gethostname=yes
ac_cv_func_getopt_long=yes
ac_cv_func_getpagesize=yes
ac_cv_func_gettext=yes
ac_cv_func_gettimeofday=yes
ac_cv_func_inet_ntoa=yes
ac_cv_func_isatty=yes
ac_cv_func_memmove=yes
ac_cv_func_mktime=yes
ac_cv_func_mmap_fixed_mapped=yes
ac_cv_func_select=yes
ac_cv_func_sigblock=yes
ac_cv_func_signal=yes
ac_cv_func_sigsetjmp=no
ac_cv_func_snprintf=yes
ac_cv_func_strcasecmp=yes
ac_cv_func_strdup=yes
ac_cv_func_strerror=yes
ac_cv_func_strncasecmp=yes
ac_cv_func_strpbrk=yes
ac_cv_func_strptime=yes
ac_cv_func_strstr=yes
ac_cv_func_symlink=yes
ac_cv_func_uname=yes
ac_cv_func_usleep=yes
ac_cv_func_vsnprintf=yes
ac_cv_header_dlfcn_h=yes
ac_cv_header_inttypes_h=yes
ac_cv_header_libintl_h=yes
ac_cv_header_locale_h=yes
ac_cv_header_memory_h=yes
ac_cv_header_minix_config_h=no
ac_cv_header_pwd_h=yes
ac_cv_header_setjmp_h=yes
ac_cv_header_signal_h=yes
ac_cv_header_stdarg_h=yes
ac_cv_header_stdc=yes
ac_cv_header_stdint_h=yes
ac_cv_header_stdlib_h=yes
ac_cv_header_string_h=yes
ac_cv_header_strings_h=yes
ac_cv_header_sys_ioctl_h=yes
ac_cv_header_sys_param_h=yes
ac_cv_header_sys_select_h=yes
ac_cv_header_sys_stat_h=yes
ac_cv_header_sys_time_h=yes
ac_cv_header_sys_types_h=yes
ac_cv_header_sys_utime_h=no
ac_cv_header_sys_utsname_h=yes
ac_cv_header_termios_h=yes
ac_cv_header_time=yes
ac_cv_header_unistd_h=yes
ac_cv_header_utime_h=yes
ac_cv_host=x86_64-unknown-linux-gnu
ac_cv_lib_crypto_RSA_new=yes
ac_cv_lib_dl_dlopen=yes
ac_cv_lib_dl_shl_load=no
ac_cv_lib_intl_gettext=no
ac_cv_lib_md5_md5_calc=no
ac_cv_lib_socket_socket=no
ac_cv_lib_ssl_SSL_new=yes
ac_cv_objext=o
ac_cv_path_EGREP='/usr/bin/grep -E'
ac_cv_path_GMSGFMT=/usr/bin/msgfmt
ac_cv_path_GREP=/usr/bin/grep
ac_cv_path_MSGFMT=/usr/bin/msgfmt
ac_cv_path_PERL=/usr/bin/perl
ac_cv_path_POD2MAN=/usr/bin/pod2man
ac_cv_path_XGETTEXT=/usr/bin/xgettext
ac_cv_path_install='/usr/bin/install -c'
ac_cv_prog_CPP='gcc -E'
ac_cv_prog_ac_ct_CC=gcc
ac_cv_prog_ac_ct_RANLIB=ranlib
ac_cv_prog_ac_ct_STRIP=strip
ac_cv_prog_cc_c89=
ac_cv_prog_cc_g=yes
ac_cv_prog_make_make_set=yes
ac_cv_safe_to_define___extensions__=yes
ac_cv_sizeof_int=4
ac_cv_sizeof_long=8
ac_cv_sizeof_long_long=8
ac_cv_sizeof_short=2
ac_cv_type_pid_t=yes
ac_cv_type_signal=void
ac_cv_type_size_t=yes
ac_cv_type_u_int32_t=yes
ac_cv_working_alloca_h=yes
am_cv_prog_cc_stdc=
lt_cv_archive_cmds_need_lc=no
lt_cv_compiler_c_o=yes
lt_cv_compiler_o_lo=no
lt_cv_deplibs_check_method=pass_all
lt_cv_file_magic_cmd='$MAGIC_CMD'
lt_cv_file_magic_test_file='/lib/libc.so* /lib/libc-*.so'
lt_cv_global_symbol_to_c_name_address='sed -n -e '\''s/^: \([^ ]*\) $/  {\"\1\", (lt_ptr) 0},/p'\'' -e '\''s/^[BCDEGRST] \([^ ]*\) \([^ ]*\)$/  {"\2", (lt_ptr) \&\2},/p'\'''
lt_cv_global_symbol_to_cdecl='sed -n -e '\''s/^. .* \(.*\)$/extern char \1;/p'\'''
lt_cv_ld_reload_flag=-r
lt_cv_path_LD=/usr/bin/ld
lt_cv_path_NM='/usr/bin/nm -B'
lt_cv_path_SED=/usr/bin/sed
lt_cv_prog_cc_can_build_shared=yes
lt_cv_prog_cc_no_builtin=
lt_cv_prog_cc_pic=' -fPIC'
lt_cv_prog_cc_pic_works=yes
lt_cv_prog_cc_shlib=
lt_cv_prog_cc_static=
lt_cv_prog_cc_static_works=no
lt_cv_prog_cc_wl=-Wl,
lt_cv_prog_gnu_ld=yes
lt_cv_sys_global_symbol_pipe='sed -n -e '\''s/^.*[ 	]\([ABCDGISTW][ABCDGISTW]*\)[ 	][ 	]*\(\)\([_A-Za-z][_A-Za-z0-9]*\)$/\1 \2\3 \3/p'\'''

## ----------------- ##
## Output variables. ##
## ----------------- ##

ALLOCA=''
ANSI2KNR=''
CATALOGS=' bg.gmo ca.gmo cs.gmo da.gmo de.gmo el.gmo es.gmo et.gmo fr.gmo gl.gmo he.gmo hr.gmo hu.gmo it.gmo ja.gmo nl.gmo no.gmo pl.gmo pt_BR.gmo ro.gmo ru.gmo sk.gmo sl.gmo sv.gmo tr.gmo uk.gmo zh_CN.gmo zh_TW.gmo'
CATOBJEXT='.gmo'
CC='gcc'
CFLAGS=' -O2 -Wall -Wno-implicit'
COMMENT_IF_NO_POD2MAN=''
CPP='gcc -E'
CPPFLAGS=''
DATADIRNAME='share'
DEFS='-DHAVE_CONFIG_H'
ECHO='echo'
ECHO_C=''
ECHO_N='-n'
ECHO_T=''
EGREP='/usr/bin/grep -E'
EXEEXT=''
GETOPT_OBJ=''
GMOFILES=' bg.gmo ca.gmo cs.gmo da.gmo de.gmo el.gmo es.gmo et.gmo fr.gmo gl.gmo he.gmo hr.gmo hu.gmo it.gmo ja.gmo nl.gmo no.gmo pl.gmo pt_BR.gmo ro.gmo ru.gmo sk.gmo sl.gmo sv.gmo tr.gmo uk.gmo zh_CN.gmo zh_TW.gmo'
GMSGFMT='/usr/bin/msgfmt'
GREP='/usr/bin/grep'
HAVE_NLS='yes'
INSTALL_DATA='${INSTALL} -m 644'
INSTALL_PROGRAM='${INSTALL}'
INSTALL_SCRIPT='${INSTALL}'
INSTOBJEXT='.mo'
INTLLIBS=''
LDFLAGS=''
LIBOBJS=''
LIBS='-lssl -lcrypto -ldl '
LIBTOOL='$(SHELL) $(top_builddir)/libtool'
LIBTOOL_DEPS='./ltmain.sh'
LN_S='ln -s'
LTLIBOBJS=''
MAKEINFO='makeinfo $(srcdir)/wget.texi'
MD5_OBJ='gen-md5$o'
MSGFMT='/usr/bin/msgfmt'
OBJEXT='o'
OPIE_OBJ='ftp-opie$o'
PACKAGE='wget'
PACKAGE_BUGREPORT=''
PACKAGE_NAME=''
PACKAGE_STRING=''
PACKAGE_TARNAME=''
PACKAGE_URL=''
PACKAGE_VERSION=''
PATH_SEPARATOR=':'
PERL='/usr/bin/perl'
POD2MAN='/usr/bin/pod2man'
POFILES=' bg.po ca.po cs.po da.po de.po el.po es.po et.po fr.po gl.po he.po hr.po hu.po it.po ja.po nl.po no.po pl.po pt_BR.po ro.po ru.po sk.po sl.po sv.po tr.po uk.po zh_CN.po zh_TW.po'
RANLIB='ranlib'
SET_MAKE=''
SHELL='/bin/sh'
SSL_INCLUDES=''
SSL_OBJ='gen_sslfunc$o'
STRIP='strip'
U=''
USE_NLS='yes'
VERSION='1.9'
XGETTEXT='/usr/bin/xgettext'
ac_ct_CC='gcc'
bindir='${exec_prefix}/bin'
build='x86_64-unknown-linux-gnu'
build_alias=''
build_cpu='x86_64'
build_os='linux-gnu'
build_vendor='unknown'
datadir='${datarootdir}'
datarootdir='${prefix}/share'
docdir='${datarootdir}/doc/${PACKAGE}'
dvidir='${docdir}'
exec_prefix='${prefix}'
exeext=''
host='x86_64-unknown-linux-gnu'
host_alias=''
host_cpu='x86_64'
host_os='linux-gnu'
host_vendor='unknown'
htmldir='${docdir}'
includedir='${prefix}/include'
infodir='${datarootdir}/info'
libdir='${exec_prefix}/lib'
libexecdir='${exec_prefix}/libexec'
localedir='${datarootdir}/locale'
localstatedir='${prefix}/var'
mandir='${datarootdir}/man'
oldincludedir='/usr/include'
pdfdir='${docdir}'
prefix='/usr/local'
program_transform_name='s,x,x,'
psdir='${docdir}'
sbindir='${exec_prefix}/sbin'
sharedstatedir='${prefix}/com'
sysconfdir='${prefix}/etc'
target_alias=''

## ----------- ##
## confdefs.h. ##
## ----------- ##

/* confdefs.h */
#define PACKAGE_NAME ""
#define PACKAGE_TARNAME ""
#define PACKAGE_VERSION ""
#define PACKAGE_STRING ""
#define PACKAGE_BUGREPORT ""
#define PACKAGE_URL ""
#define OS_TYPE "linux-gnu"
#define USE_OPIE 1
#define USE_DIGEST 1
#define ENABLE_DEBUG 1
#define STDC_HEADERS 1
#define HAVE_SYS_TYPES_H 1
#define HAVE_SYS_STAT_H 1
#define HAVE_STDLIB_H 1
#define HAVE_STRING_H 1
#define HAVE_MEMORY_H 1
#define HAVE_STRINGS_H 1
#define HAVE_INTTYPES_H 1
#define HAVE_STDINT_H 1
#define HAVE_UNISTD_H 1
#define __EXTENSIONS__ 1
#define _ALL_SOURCE 1
#define _GNU_SOURCE 1
#define _POSIX_PTHREAD_SEMANTICS 1
#define _TANDEM_SOURCE 1
#define HAVE_DLFCN_H 1
#define PROTOTYPES 1
#define SIZEOF_SHORT 2
#define SIZEOF_INT 4
#define SIZEOF_LONG 8
#define SIZEOF_LONG_LONG 8
#define HAVE_U_INT32_T 1
#define HAVE_STRING_H 1
#define HAVE_STDARG_H 1
#define HAVE_UNISTD_H 1
#define HAVE_SYS_TIME_H 1
#define HAVE_UTIME_H 1
#define HAVE_PWD_H 1
#define HAVE_TERMIOS_H 1
#define HAVE_SYS_IOCTL_H 1
#define HAVE_SYS_SELECT_H 1
#define HAVE_SYS_UTSNAME_H 1
#define HAVE_SIGNAL_H 1
#define HAVE_SETJMP_H 1
#define TIME_WITH_SYS_TIME 1
#define RETSIGTYPE void
#define HAVE_STRUCT_UTIMBUF 1
#define HAVE_ALLOCA_H 1
#define HAVE_ALLOCA 1
#define HAVE_STDLIB_H 1
#define HAVE_UNISTD_H 1
#define HAVE_SYS_PARAM_H 1
#define HAVE_GETPAGESIZE 1
#define HAVE_MMAP 1
#define HAVE_STRDUP 1
#define HAVE_STRSTR 1
#define HAVE_STRCASECMP 1
#define HAVE_STRNCASECMP 1
#define HAVE_STRPBRK 1
#define HAVE_MEMMOVE 1
#define HAVE_GETTIMEOFDAY 1
#define HAVE_MKTIME 1
#define HAVE_STRPTIME 1
#define HAVE_STRERROR 1
#define HAVE_SNPRINTF 1
#define HAVE_VSNPRINTF 1
#define HAVE_SELECT 1
#define HAVE_SIGBLOCK 1
#define HAVE_SIGNAL 1
#define HAVE_SYMLINK 1
#define HAVE_ACCESS 1
#define HAVE_ISATTY 1
#define HAVE_UNAME 1
#define HAVE_GETHOSTNAME 1
#define HAVE_USLEEP 1
#define HAVE_GETHOSTBYNAME 1
#define HAVE_INET_NTOA 1
#define HAVE_LIBDL 1
#define HAVE_LIBCRYPTO 1
#define HAVE_LIBSSL 1
#define HAVE_SSL 1
#define HAVE_OPENSSL_MD5 1
#define HAVE_MD5 1
#define HAVE_LOCALE_H 1
#define HAVE_LIBINTL_H 1
#define HAVE_GETTEXT 1
#define HAVE_NLS 1

configure: exit 0
